<?xml version="1.0" encoding="UTF-8"?>
<!-- Generated by org.testng.reporters.JUnitXMLReporter -->
<testsuite ignored="1" hostname="A4O1M5DMPNJ0AZF" failures="0" tests="2" name="productInquiry" time="61.086" errors="0" timestamp="31 8月 2018 10:33:46 GMT">
  <testcase classname="com.buyer.testSuite.TestAddToCart" name="keywordToCart" time="21.456"/>
  <testcase classname="com.essa.testSuite.TestProductInquiry" name="productInquiry" time="18.238"/>
  <testcase classname="com.buyer.testSuite.TestAddToCart" name="addSku" time="0.0">
    <ignored/>
  </testcase> <!-- addSku -->
</testsuite> <!-- productInquiry -->
