<?xml version="1.0" encoding="UTF-8"?>
<!-- Generated by org.testng.reporters.JUnitXMLReporter -->
<testsuite ignored="0" hostname="A4O1M5DMPNJ0AZF" failures="0" tests="4" name="addOriginalGoods" time="67.468" errors="0" timestamp="31 8月 2018 09:07:12 GMT">
  <testcase classname="com.essa.testSuite.TestAddOriginalGoods" name="toAddOriginalGoodsPage" time="28.762"/>
  <testcase classname="com.essa.testSuite.TestAddOriginalGoods" name="updatePic" time="12.383"/>
  <testcase classname="com.essa.testSuite.TestAddOriginalGoods" name="auditOriginal" time="13.991"/>
  <testcase classname="com.essa.testSuite.TestAddOriginalGoods" name="getSkuNo" time="2.314"/>
</testsuite> <!-- addOriginalGoods -->
