<?xml version="1.0" encoding="UTF-8"?>
<!-- Generated by org.testng.reporters.JUnitXMLReporter -->
<testsuite ignored="0" hostname="A4O1M5DMPNJ0AZF" failures="0" tests="7" name="publishGroupPurchase" time="113.401" errors="0" timestamp="31 8月 2018 09:12:13 GMT">
  <testcase classname="com.essa.testSuite.TestAddOriginalGoods" name="toAddOriginalGoodsPage" time="28.436"/>
  <testcase classname="com.essa.testSuite.TestAddOriginalGoods" name="updatePic" time="12.345"/>
  <testcase classname="com.essa.testSuite.TestAddOriginalGoods" name="auditOriginal" time="14.31"/>
  <testcase classname="com.essa.testSuite.TestAddOriginalGoods" name="getSkuNo" time="2.301"/>
  <testcase classname="com.essa.testSuite.TestGroupPurchase" name="SkuCategoryManagerCongfig" time="5.284"/>
  <testcase classname="com.essa.testSuite.TestGroupPurchase" name="publishGroupPurchase" time="28.834"/>
  <testcase classname="com.essa.testSuite.TestGroupPurchase" name="isPublish" time="4.364"/>
</testsuite> <!-- publishGroupPurchase -->
