<?xml version="1.0" encoding="UTF-8"?>
<!-- Generated by org.testng.reporters.JUnitXMLReporter -->
<testsuite ignored="1" hostname="A4O1M5DMPNJ0AZF" failures="0" tests="3" name="sendActivityPO" time="84.111" errors="0" timestamp="03 9月 2018 08:03:48 GMT">
  <testcase classname="com.buyer.testSuite.TestAddToCart" name="addSku" time="13.142"/>
  <testcase classname="com.buyer.testSuite.TestSendPO" name="conslidation" time="38.353"/>
  <testcase classname="com.buyer.testSuite.TestSendPO" name="sendPO" time="13.335"/>
  <testcase classname="com.buyer.testSuite.TestAddToCart" name="keywordToCart" time="0.0">
    <ignored/>
  </testcase> <!-- keywordToCart -->
</testsuite> <!-- sendActivityPO -->
