<?xml version="1.0" encoding="UTF-8"?>
<!-- Generated by org.testng.reporters.JUnitXMLReporter -->
<testsuite ignored="1" hostname="A4O1M5DMPNJ0AZF" failures="0" tests="4" name="sendPO" time="99.569" errors="0" timestamp="03 9月 2018 08:28:53 GMT">
  <testcase classname="com.buyer.testSuite.TestAddToCart" name="addSku" time="12.739"/>
  <testcase classname="com.essa.testSuite.TestProductInquiry" name="productInquiry" time="15.888"/>
  <testcase classname="com.buyer.testSuite.TestSendPO" name="conslidation" time="29.695"/>
  <testcase classname="com.buyer.testSuite.TestSendPO" name="sendPO" time="12.651"/>
  <testcase classname="com.buyer.testSuite.TestAddToCart" name="keywordToCart" time="0.0">
    <ignored/>
  </testcase> <!-- keywordToCart -->
</testsuite> <!-- sendPO -->
