<?xml version="1.0" encoding="UTF-8"?>
<testng-results ignored="1" total="5" passed="4" failed="0" skipped="0">
  <reporter-output>
  </reporter-output>
  <suite started-at="2018-09-03T08:27:14Z" name="提交PO" finished-at="2018-09-03T08:28:53Z" duration-ms="99569">
    <groups>
    </groups>
    <test started-at="2018-09-03T08:27:14Z" name="sendPO" finished-at="2018-09-03T08:28:53Z" duration-ms="99569">
      <class name="com.essa.testSuite.TestProductInquiry">
        <test-method is-config="true" signature="setUp()[pri:0, instance:com.essa.testSuite.TestProductInquiry@14485d7]" started-at="2018-09-03T08:27:37Z" name="setUp" finished-at="2018-09-03T08:27:45Z" duration-ms="8503" status="PASS">
          <reporter-output>
          </reporter-output>
        </test-method> <!-- setUp -->
        <test-method signature="productInquiry()[pri:0, instance:com.essa.testSuite.TestProductInquiry@14485d7]" started-at="2018-09-03T08:27:45Z" name="productInquiry" description="成品询价流程" finished-at="2018-09-03T08:28:01Z" duration-ms="15888" status="PASS">
          <reporter-output>
          </reporter-output>
        </test-method> <!-- productInquiry -->
        <test-method is-config="true" signature="tearDown()[pri:0, instance:com.essa.testSuite.TestProductInquiry@14485d7]" started-at="2018-09-03T08:28:01Z" name="tearDown" finished-at="2018-09-03T08:28:02Z" duration-ms="815" status="PASS">
          <reporter-output>
          </reporter-output>
        </test-method> <!-- tearDown -->
      </class> <!-- com.essa.testSuite.TestProductInquiry -->
      <class name="com.buyer.testSuite.TestSendPO">
        <test-method is-config="true" signature="setUp()[pri:0, instance:com.buyer.testSuite.TestSendPO@47b60fe8]" started-at="2018-09-03T08:28:02Z" name="setUp" finished-at="2018-09-03T08:28:10Z" duration-ms="8182" status="PASS">
          <reporter-output>
          </reporter-output>
        </test-method> <!-- setUp -->
        <test-method signature="conslidation()[pri:0, instance:com.buyer.testSuite.TestSendPO@47b60fe8]" started-at="2018-09-03T08:28:10Z" name="conslidation" description="开始拼柜" finished-at="2018-09-03T08:28:40Z" duration-ms="29695" status="PASS">
          <reporter-output>
          </reporter-output>
        </test-method> <!-- conslidation -->
        <test-method signature="sendPO()[pri:0, instance:com.buyer.testSuite.TestSendPO@47b60fe8]" started-at="2018-09-03T08:28:40Z" name="sendPO" description="设置贴纸唛头，提交PO" finished-at="2018-09-03T08:28:52Z" duration-ms="12651" status="PASS">
          <reporter-output>
          </reporter-output>
        </test-method> <!-- sendPO -->
        <test-method is-config="true" signature="tearDown()[pri:0, instance:com.buyer.testSuite.TestSendPO@47b60fe8]" started-at="2018-09-03T08:28:52Z" name="tearDown" finished-at="2018-09-03T08:28:53Z" duration-ms="795" status="PASS">
          <reporter-output>
          </reporter-output>
        </test-method> <!-- tearDown -->
      </class> <!-- com.buyer.testSuite.TestSendPO -->
      <class name="com.buyer.testSuite.TestAddToCart">
        <test-method is-config="true" signature="setUp()[pri:0, instance:com.buyer.testSuite.TestAddToCart@14b27f40]" started-at="2018-09-03T08:27:14Z" name="setUp" finished-at="2018-09-03T08:27:23Z" duration-ms="9503" status="PASS">
          <reporter-output>
          </reporter-output>
        </test-method> <!-- setUp -->
        <test-method signature="addSku()[pri:0, instance:com.buyer.testSuite.TestAddToCart@14b27f40]" started-at="2018-09-03T08:27:23Z" name="addSku" description="将sku加入购物车" finished-at="2018-09-03T08:27:36Z" duration-ms="12739" status="PASS">
          <reporter-output>
          </reporter-output>
        </test-method> <!-- addSku -->
        <test-method is-config="true" signature="tearDown()[pri:0, instance:com.buyer.testSuite.TestAddToCart@14b27f40]" started-at="2018-09-03T08:27:36Z" name="tearDown" finished-at="2018-09-03T08:27:37Z" duration-ms="775" status="PASS">
          <reporter-output>
          </reporter-output>
        </test-method> <!-- tearDown -->
      </class> <!-- com.buyer.testSuite.TestAddToCart -->
    </test> <!-- sendPO -->
  </suite> <!-- 提交PO -->
</testng-results>
