<?xml version="1.0" encoding="UTF-8"?>
<!-- Generated by org.testng.reporters.JUnitXMLReporter -->
<testsuite ignored="1" hostname="A4O1M5DMPNJ0AZF" failures="0" tests="1" name="buyerRegister" time="25.249" errors="0" timestamp="31 8月 2018 08:16:49 GMT">
  <testcase classname="com.buyer.testSuite.TestAddToCart" name="keywordToCart" time="16.753"/>
  <testcase classname="com.buyer.testSuite.TestAddToCart" name="addSku" time="0.0">
    <ignored/>
  </testcase> <!-- addSku -->
</testsuite> <!-- buyerRegister -->
