<?xml version="1.0" encoding="UTF-8"?>
<!-- Generated by org.testng.reporters.JUnitReportReporter -->
<testsuite hostname="A4O1M5DMPNJ0AZF" failures="0" tests="3" name="com.essa.testSuite.TestGroupPurchase" time="38.482" errors="0" timestamp="31 8月 2018 09:12:13 GMT" skipped="0">
  <testcase classname="com.essa.testSuite.TestGroupPurchase" name="publishGroupPurchase" time="28.834"/>
  <testcase classname="com.essa.testSuite.TestGroupPurchase" name="isPublish" time="4.364"/>
  <testcase classname="com.essa.testSuite.TestGroupPurchase" name="SkuCategoryManagerCongfig" time="5.284"/>
</testsuite> <!-- com.essa.testSuite.TestGroupPurchase -->
