<?xml version="1.0" encoding="UTF-8"?>
<!-- Generated by org.testng.reporters.JUnitReportReporter -->
<testsuite hostname="A4O1M5DMPNJ0AZF" failures="0" tests="3" name="com.essa.testSuite.TestAddMarketGoods" time="61.008" errors="0" timestamp="31 8月 2018 09:08:39 GMT" skipped="0">
  <testcase classname="com.essa.testSuite.TestAddMarketGoods" name="addMarketGoods" time="39.085"/>
  <testcase classname="com.essa.testSuite.TestAddMarketGoods" name="auditMarketGoods" time="16.595"/>
  <testcase classname="com.essa.testSuite.TestAddMarketGoods" name="toMarketGoodsRelesePage" time="5.328"/>
</testsuite> <!-- com.essa.testSuite.TestAddMarketGoods -->
