<?xml version="1.0" encoding="UTF-8"?>
<!-- Generated by org.testng.reporters.JUnitReportReporter -->
<testsuite hostname="A4O1M5DMPNJ0AZF" failures="0" tests="2" name="com.buyer.testSuite.TestSendPO" time="42.346" errors="0" timestamp="03 9月 2018 08:28:53 GMT" skipped="0">
  <testcase classname="com.buyer.testSuite.TestSendPO" name="conslidation" time="29.695"/>
  <testcase classname="com.buyer.testSuite.TestSendPO" name="sendPO" time="12.651"/>
</testsuite> <!-- com.buyer.testSuite.TestSendPO -->
