<?xml version="1.0" encoding="UTF-8"?>
<!-- Generated by org.testng.reporters.JUnitReportReporter -->
<testsuite hostname="A4O1M5DMPNJ0AZF" failures="0" tests="4" name="com.essa.testSuite.TestAddOriginalGoods" time="57.392" errors="0" timestamp="31 8月 2018 09:12:13 GMT" skipped="0">
  <testcase classname="com.essa.testSuite.TestAddOriginalGoods" name="auditOriginal" time="14.310"/>
  <testcase classname="com.essa.testSuite.TestAddOriginalGoods" name="toAddOriginalGoodsPage" time="28.436"/>
  <testcase classname="com.essa.testSuite.TestAddOriginalGoods" name="updatePic" time="12.345"/>
  <testcase classname="com.essa.testSuite.TestAddOriginalGoods" name="getSkuNo" time="2.301"/>
</testsuite> <!-- com.essa.testSuite.TestAddOriginalGoods -->
