<?xml version="1.0" encoding="UTF-8"?>
<!-- Generated by org.testng.reporters.JUnitXMLReporter -->
<testsuite ignored="0" hostname="A4O1M5DMPNJ0AZF" failures="0" tests="3" name="addMarketGoods" time="70.125" errors="0" timestamp="31 8月 2018 09:08:39 GMT">
  <testcase classname="com.essa.testSuite.TestAddMarketGoods" name="toMarketGoodsRelesePage" time="5.328"/>
  <testcase classname="com.essa.testSuite.TestAddMarketGoods" name="addMarketGoods" time="39.085"/>
  <testcase classname="com.essa.testSuite.TestAddMarketGoods" name="auditMarketGoods" time="16.595"/>
</testsuite> <!-- addMarketGoods -->
