<?xml version="1.0" encoding="UTF-8"?>
<!-- Generated by org.testng.reporters.JUnitXMLReporter -->
<testsuite ignored="0" hostname="A4O1M5DMPNJ0AZF" failures="0" tests="3" name="addOriginalGoods" time="68.748" errors="0" timestamp="17 8月 2018 04:49:27 GMT">
  <testcase classname="com.essa.testSuite.TestAddOriginalGoods" name="toAddOriginalGoodsPage" time="30.224"/>
  <testcase classname="com.essa.testSuite.TestAddOriginalGoods" name="updatePic" time="12.571"/>
  <testcase classname="com.essa.testSuite.TestAddOriginalGoods" name="auditOriginal" time="16.052"/>
</testsuite> <!-- addOriginalGoods -->
